<?xml version="1.0" encoding="utf-8"?><testsuites name="pytest tests"><testsuite name="pytest" errors="0" failures="0" skipped="0" tests="25" time="3.438" timestamp="2026-06-18T12:54:49.121133+00:00" hostname="agent-env-7087f6ba-55a1-4715-ba8c-688321f01ad1"><testcase classname="backend.tests.backend_test" name="test_root" time="0.229" /><testcase classname="backend.tests.backend_test" name="test_register_duplicate" time="0.332" /><testcase classname="backend.tests.backend_test" name="test_login_admin" time="0.275" /><testcase classname="backend.tests.backend_test" name="test_login_invalid" time="0.269" /><testcase classname="backend.tests.backend_test" name="test_me_requires_auth" time="0.044" /><testcase classname="backend.tests.backend_test" name="test_me_with_token" time="0.045" /><testcase classname="backend.tests.backend_test" name="test_projects_protected" time="0.261" /><testcase classname="backend.tests.backend_test" name="test_new_endpoints_protected" time="0.406" /><testcase classname="backend.tests.backend_test" name="test_create_defaults_stage_and_checklist" time="0.047" /><testcase classname="backend.tests.backend_test" name="test_get_project_returns_defaults" time="0.046" /><testcase classname="backend.tests.backend_test" name="test_generate_plan_extended_score" time="0.057" /><testcase classname="backend.tests.backend_test" name="test_update_stage_valid_persists" time="0.101" /><testcase classname="backend.tests.backend_test" name="test_update_stage_invalid" time="0.045" /><testcase classname="backend.tests.backend_test" name="test_update_stage_via_put_project" time="0.049" /><testcase classname="backend.tests.backend_test" name="test_update_checklist_persists" time="0.098" /><testcase classname="backend.tests.backend_test" name="test_ai_mode_endpoint[refine-idea]" time="0.051" /><testcase classname="backend.tests.backend_test" name="test_ai_mode_endpoint[build-mvp]" time="0.046" /><testcase classname="backend.tests.backend_test" name="test_ai_mode_endpoint[tech-stack]" time="0.043" /><testcase classname="backend.tests.backend_test" name="test_ai_mode_endpoint[check-risks]" time="0.100" /><testcase classname="backend.tests.backend_test" name="test_ai_mode_endpoint[launch-plan]" time="0.052" /><testcase classname="backend.tests.backend_test" name="test_ai_mode_endpoint[generate-pitch]" time="0.048" /><testcase classname="backend.tests.backend_test" name="test_ai_mode_404_for_missing_project" time="0.044" /><testcase classname="backend.tests.backend_test" name="test_dashboard_stats" time="0.062" /><testcase classname="backend.tests.backend_test" name="test_legacy_project_backfill" time="0.049" /><testcase classname="backend.tests.backend_test" name="test_user_isolation" time="0.519" /></testsuite></testsuites>