<?xml version="1.0" encoding="utf-8"?><testsuites name="pytest tests"><testsuite name="pytest" errors="0" failures="0" skipped="0" tests="9" time="2.291" timestamp="2026-06-18T12:33:16.020098+00:00" hostname="agent-env-7087f6ba-55a1-4715-ba8c-688321f01ad1"><testcase classname="backend.tests.backend_test" name="test_root" time="0.217" /><testcase classname="backend.tests.backend_test" name="test_register_duplicate" time="0.330" /><testcase classname="backend.tests.backend_test" name="test_login_admin" time="0.270" /><testcase classname="backend.tests.backend_test" name="test_login_invalid" time="0.272" /><testcase classname="backend.tests.backend_test" name="test_me_requires_auth" time="0.046" /><testcase classname="backend.tests.backend_test" name="test_me_with_token" time="0.046" /><testcase classname="backend.tests.backend_test" name="test_projects_protected" time="0.262" /><testcase classname="backend.tests.backend_test" name="test_project_full_flow" time="0.365" /><testcase classname="backend.tests.backend_test" name="test_user_isolation" time="0.404" /></testsuite></testsuites>